<?xml version="1.0" encoding="UTF-8"?>
<!-- Generated by org.testng.reporters.JUnitReportReporter -->
<testsuite hostname="Umesha-K" failures="0" tests="2" name="practice.SampleTestBg" time="0.019" errors="0" timestamp="2023-04-06T20:01:45 IST" skipped="0">
  <testcase classname="practice.SampleTestBg" name="createContact" time="0.017"/>
  <system-out/>
  <testcase classname="practice.SampleTestBg" name="modifyContact" time="0.002"/>
  <system-out/>
</testsuite> <!-- practice.SampleTestBg -->
