<?xml version="1.0" encoding="UTF-8"?>
<!-- Generated by org.testng.reporters.JUnitReportReporter -->
<testsuite hostname="Umesha-K" failures="0" tests="1" name="campaign.CampaignPom" time="16.935" errors="0" timestamp="2023-04-14T12:20:35 IST" skipped="0">
  <testcase classname="campaign.CampaignPom" name="CampaignPom" time="16.935"/>
  <system-out/>
</testsuite> <!-- campaign.CampaignPom -->
