<?xml version="1.0" encoding="UTF-8"?>
<!-- Generated by org.testng.reporters.JUnitReportReporter -->
<testsuite hostname="Umesha-K" failures="0" tests="3" name="practice.DtaProviderExm" time="0.004" errors="0" timestamp="2023-04-12T21:10:46 IST" skipped="0">
  <testcase classname="practice.DtaProviderExm" name="booktickets" time="0.001"/>
  <system-out/>
  <testcase classname="practice.DtaProviderExm" name="booktickets" time="0.000"/>
  <system-out/>
  <testcase classname="practice.DtaProviderExm" name="booktickets" time="0.003"/>
  <system-out/>
</testsuite> <!-- practice.DtaProviderExm -->
