<?xml version="1.0" encoding="UTF-8"?>
<!-- Generated by org.testng.reporters.JUnitReportReporter -->
<testsuite hostname="Umesha-K" failures="0" tests="1" name="Organization.OrganizationPom" time="54.679" errors="0" timestamp="2023-04-19T19:47:09 IST" skipped="0">
  <testcase classname="Organization.OrganizationPom" name="organizationPom" time="54.679"/>
  <system-out/>
</testsuite> <!-- Organization.OrganizationPom -->
