<?xml version="1.0" encoding="UTF-8"?>
<!-- Generated by org.testng.reporters.JUnitReportReporter -->
<testsuite hostname="Umesha-K" failures="0" tests="1" name="product.CreateproductTest" time="17.361" errors="0" timestamp="2023-04-14T12:34:45 IST" skipped="0">
  <testcase classname="product.CreateproductTest" name="CreateproductTest" time="17.361"/>
  <system-out/>
</testsuite> <!-- product.CreateproductTest -->
