<?xml version="1.0" encoding="UTF-8"?>
<!-- Generated by org.testng.reporters.JUnitReportReporter -->
<testsuite hostname="Umesha-K" failures="0" tests="1" name="campaign.campaignwithProductTest" time="32.284" errors="0" timestamp="2023-04-12T22:56:24 IST" skipped="0">
  <testcase classname="campaign.campaignwithProductTest" name="campaignwithProductTest" time="32.284"/>
  <system-out/>
</testsuite> <!-- campaign.campaignwithProductTest -->
