<?xml version="1.0" encoding="UTF-8"?>
<!-- Generated by org.testng.reporters.JUnitReportReporter -->
<testsuite hostname="Umesha-K" failures="0" tests="2" name="practice.SoftAssertTest" time="0.012" errors="0" timestamp="2023-04-12T07:39:26 IST" skipped="0">
  <testcase classname="practice.SoftAssertTest" name="createContact" time="0.010"/>
  <system-out/>
  <testcase classname="practice.SoftAssertTest" name="m1" time="0.002"/>
  <system-out/>
</testsuite> <!-- practice.SoftAssertTest -->
